#
# There is insufficient memory for the Java Runtime Environment to continue.
# Native memory allocation (malloc) failed to allocate 1048576 bytes. Error detail: AllocateHeap
# Possible reasons:
#   The system is out of physical RAM or swap space
#   This process is running with CompressedOops enabled, and the Java Heap may be blocking the growth of the native heap
# Possible solutions:
#   Reduce memory load on the system
#   Increase physical memory or swap space
#   Check if swap backing store is full
#   Decrease Java heap size (-Xmx/-Xms)
#   Decrease number of Java threads
#   Decrease Java thread stack sizes (-Xss)
#   Set larger code cache with -XX:ReservedCodeCacheSize=
#   JVM is running with Unscaled Compressed Oops mode in which the Java heap is
#     placed in the first 4GB address space. The Java Heap base address is the
#     maximum limit for the native heap growth. Please use -XX:HeapBaseMinAddress
#     to set the Java Heap base and to place the Java Heap above 4GB virtual address.
# This output file may be truncated or incomplete.
#
#  Out of Memory Error (allocation.cpp:44), pid=2064, tid=17204
#
# JRE version: OpenJDK Runtime Environment Temurin-21.0.9+10 (21.0.9+10) (build 21.0.9+10-LTS)
# Java VM: OpenJDK 64-Bit Server VM Temurin-21.0.9+10 (21.0.9+10-LTS, mixed mode, sharing, tiered, compressed oops, compressed class ptrs, parallel gc, windows-amd64)
# No core dump will be written. Minidumps are not enabled by default on client versions of Windows
#

---------------  S U M M A R Y ------------

Command Line: --add-modules=ALL-SYSTEM --add-opens=java.base/java.util=ALL-UNNAMED --add-opens=java.base/java.lang=ALL-UNNAMED --add-opens=java.base/sun.nio.fs=ALL-UNNAMED -Declipse.application=org.eclipse.jdt.ls.core.id1 -Dosgi.bundles.defaultStartLevel=4 -Declipse.product=org.eclipse.jdt.ls.core.product -Djava.import.generatesMetadataFilesAtProjectRoot=false -DDetectVMInstallationsJob.disabled=true -Dfile.encoding=utf8 -XX:+UseParallelGC -XX:GCTimeRatio=4 -XX:AdaptiveSizePolicyWeight=90 -Dsun.zip.disableMemoryMapping=true -Xmx2G -Xms100m -Xlog:disable -javaagent:c:\Users\mothaiba\.antigravity\extensions\redhat.java-1.52.0-win32-x64\lombok\lombok-1.18.39-4050.jar -XX:+HeapDumpOnOutOfMemoryError -XX:HeapDumpPath=c:\Users\mothaiba\AppData\Roaming\Antigravity\User\workspaceStorage\eaf98c03dae78c06d4564786dac87df9\redhat.java -Daether.dependencyCollector.impl=bf c:\Users\mothaiba\.antigravity\extensions\redhat.java-1.52.0-win32-x64\server\plugins\org.eclipse.equinox.launcher_1.7.100.v20251111-0406.jar -configuration c:\Users\mothaiba\AppData\Roaming\Antigravity\User\globalStorage\redhat.java\1.52.0\config_win -data c:\Users\mothaiba\AppData\Roaming\Antigravity\User\workspaceStorage\eaf98c03dae78c06d4564786dac87df9\redhat.java\jdt_ws --pipe=\\.\pipe\lsp-5200125725639e961ac618c108c4f750-sock

Host: 11th Gen Intel(R) Core(TM) i5-1135G7 @ 2.40GHz, 8 cores, 7G,  Windows 11 , 64 bit Build 22621 (10.0.22621.5415)
Time: Fri Feb  6 09:03:15 2026 SE Asia Standard Time elapsed time: 3015.962384 seconds (0d 0h 50m 15s)

---------------  T H R E A D  ---------------

Current thread (0x0000021fc1815520):  JavaThread "Attach Listener" daemon [_thread_in_vm, id=17204, stack(0x000000b501600000,0x000000b501700000) (1024K)]

Stack: [0x000000b501600000,0x000000b501700000]
Native frames: (J=compiled Java code, j=interpreted, Vv=VM code, C=native code)
V  [jvm.dll+0x6d6e29]
V  [jvm.dll+0x8b4b76]
V  [jvm.dll+0x8b712e]
V  [jvm.dll+0x8b7813]
V  [jvm.dll+0x283d86]
V  [jvm.dll+0xc1277]
V  [jvm.dll+0x6d76d9]
V  [jvm.dll+0x133466]
V  [jvm.dll+0x3f7ea6]
V  [jvm.dll+0x85e9ad]
V  [jvm.dll+0x6d565d]
C  [ucrtbase.dll+0x29333]
C  [KERNEL32.DLL+0x1259d]
C  [ntdll.dll+0x5af78]


---------------  P R O C E S S  ---------------

Threads class SMR info:
_java_thread_list=0x0000022016060b80, length=36, elements={
0x0000021faada3940, 0x0000021faae59f30, 0x0000021faae5d840, 0x0000021fc1814740,
0x0000021fc1815520, 0x0000021fc1819ac0, 0x0000021fc181c520, 0x0000021fc181dd40,
0x0000021fc181fc60, 0x00000220042e79d0, 0x0000022004414270, 0x000002200913c940,
0x000002200907a890, 0x0000022004b0f590, 0x0000022009068860, 0x000002200964d7f0,
0x0000022004c6ac20, 0x000002200978d6b0, 0x00000220097d7f50, 0x0000022009e052e0,
0x0000022009e04c50, 0x0000022009e03210, 0x000002200c7f7d00, 0x000002200c7f8a20,
0x000002200c7f6950, 0x000002200c7f90b0, 0x000002200c7f4f10, 0x000002200c7f9740,
0x000002200c7faaf0, 0x000002200c7f9dd0, 0x000002200c7f55a0, 0x000002200c7f62c0,
0x000002200b85c580, 0x0000022019c48230, 0x0000022019c41930, 0x0000022019c488c0
}

Java Threads: ( => current thread )
  0x0000021faada3940 JavaThread "main"                              [_thread_blocked, id=16560, stack(0x000000b500f00000,0x000000b501000000) (1024K)]
  0x0000021faae59f30 JavaThread "Reference Handler"          daemon [_thread_blocked, id=19088, stack(0x000000b501300000,0x000000b501400000) (1024K)]
  0x0000021faae5d840 JavaThread "Finalizer"                  daemon [_thread_blocked, id=1444, stack(0x000000b501400000,0x000000b501500000) (1024K)]
  0x0000021fc1814740 JavaThread "Signal Dispatcher"          daemon [_thread_blocked, id=12160, stack(0x000000b501500000,0x000000b501600000) (1024K)]
=>0x0000021fc1815520 JavaThread "Attach Listener"            daemon [_thread_in_vm, id=17204, stack(0x000000b501600000,0x000000b501700000) (1024K)]
  0x0000021fc1819ac0 JavaThread "Service Thread"             daemon [_thread_blocked, id=3368, stack(0x000000b501700000,0x000000b501800000) (1024K)]
  0x0000021fc181c520 JavaThread "Monitor Deflation Thread"   daemon [_thread_blocked, id=11028, stack(0x000000b501800000,0x000000b501900000) (1024K)]
  0x0000021fc181dd40 JavaThread "C2 CompilerThread0"         daemon [_thread_blocked, id=3924, stack(0x000000b501900000,0x000000b501a00000) (1024K)]
  0x0000021fc181fc60 JavaThread "C1 CompilerThread0"         daemon [_thread_blocked, id=1632, stack(0x000000b501a00000,0x000000b501b00000) (1024K)]
  0x00000220042e79d0 JavaThread "Common-Cleaner"             daemon [_thread_blocked, id=21428, stack(0x000000b501b00000,0x000000b501c00000) (1024K)]
  0x0000022004414270 JavaThread "Notification Thread"        daemon [_thread_blocked, id=15044, stack(0x000000b501c00000,0x000000b501d00000) (1024K)]
  0x000002200913c940 JavaThread "Active Thread: Equinox Container: 48fa2751-3a81-4d1c-8d60-8375262c8560"        [_thread_blocked, id=16104, stack(0x000000b502500000,0x000000b502600000) (1024K)]
  0x000002200907a890 JavaThread "Refresh Thread: Equinox Container: 48fa2751-3a81-4d1c-8d60-8375262c8560" daemon [_thread_blocked, id=18096, stack(0x000000b502700000,0x000000b502800000) (1024K)]
  0x0000022004b0f590 JavaThread "Framework Event Dispatcher: Equinox Container: 48fa2751-3a81-4d1c-8d60-8375262c8560" daemon [_thread_blocked, id=16096, stack(0x000000b502800000,0x000000b502900000) (1024K)]
  0x0000022009068860 JavaThread "Start Level: Equinox Container: 48fa2751-3a81-4d1c-8d60-8375262c8560" daemon [_thread_blocked, id=1764, stack(0x000000b502900000,0x000000b502a00000) (1024K)]
  0x000002200964d7f0 JavaThread "Bundle File Closer"         daemon [_thread_blocked, id=15324, stack(0x000000b502a00000,0x000000b502b00000) (1024K)]
  0x0000022004c6ac20 JavaThread "SCR Component Actor"        daemon [_thread_blocked, id=17036, stack(0x000000b501e00000,0x000000b501f00000) (1024K)]
  0x000002200978d6b0 JavaThread "Worker-JM"                         [_thread_blocked, id=15176, stack(0x000000b501d00000,0x000000b501e00000) (1024K)]
  0x00000220097d7f50 JavaThread "JNA Cleaner"                daemon [_thread_blocked, id=11728, stack(0x000000b502b00000,0x000000b502c00000) (1024K)]
  0x0000022009e052e0 JavaThread "Java indexing"              daemon [_thread_blocked, id=8316, stack(0x000000b503100000,0x000000b503200000) (1024K)]
  0x0000022009e04c50 JavaThread "Thread-1"                   daemon [_thread_in_native, id=15528, stack(0x000000b503600000,0x000000b503700000) (1024K)]
  0x0000022009e03210 JavaThread "Thread-2"                   daemon [_thread_in_native, id=18316, stack(0x000000b503700000,0x000000b503800000) (1024K)]
  0x000002200c7f7d00 JavaThread "Thread-3"                   daemon [_thread_in_native, id=7504, stack(0x000000b503800000,0x000000b503900000) (1024K)]
  0x000002200c7f8a20 JavaThread "Thread-4"                   daemon [_thread_in_native, id=20548, stack(0x000000b503900000,0x000000b503a00000) (1024K)]
  0x000002200c7f6950 JavaThread "Thread-5"                   daemon [_thread_in_native, id=15376, stack(0x000000b503a00000,0x000000b503b00000) (1024K)]
  0x000002200c7f90b0 JavaThread "Thread-6"                   daemon [_thread_in_native, id=18700, stack(0x000000b503b00000,0x000000b503c00000) (1024K)]
  0x000002200c7f4f10 JavaThread "Thread-7"                   daemon [_thread_in_native, id=10580, stack(0x000000b503c00000,0x000000b503d00000) (1024K)]
  0x000002200c7f9740 JavaThread "Thread-8"                   daemon [_thread_in_native, id=16108, stack(0x000000b503d00000,0x000000b503e00000) (1024K)]
  0x000002200c7faaf0 JavaThread "Thread-9"                   daemon [_thread_in_native, id=17608, stack(0x000000b503e00000,0x000000b503f00000) (1024K)]
  0x000002200c7f9dd0 JavaThread "pool-2-thread-1"                   [_thread_blocked, id=6168, stack(0x000000b503f00000,0x000000b504000000) (1024K)]
  0x000002200c7f55a0 JavaThread "WorkspaceEventsHandler"            [_thread_blocked, id=8224, stack(0x000000b504000000,0x000000b504100000) (1024K)]
  0x000002200c7f62c0 JavaThread "pool-1-thread-1"                   [_thread_blocked, id=1580, stack(0x000000b504100000,0x000000b504200000) (1024K)]
  0x000002200b85c580 JavaThread "Cleaner-0"                  daemon [_thread_blocked, id=1068, stack(0x000000b504d00000,0x000000b504e00000) (1024K)]
  0x0000022019c48230 JavaThread "Compiler Source File Reader" daemon [_thread_blocked, id=14600, stack(0x000000b503200000,0x000000b503300000) (1024K)]
  0x0000022019c41930 JavaThread "Worker-23"                         [_thread_blocked, id=20348, stack(0x000000b503400000,0x000000b503500000) (1024K)]
  0x0000022019c488c0 JavaThread "Worker-25"                         [_thread_blocked, id=21000, stack(0x000000b500d00000,0x000000b500e00000) (1024K)]
Total: 36

Other Threads:
  0x0000021fc18135f0 VMThread "VM Thread"                           [id=8168, stack(0x000000b501200000,0x000000b501300000) (1024K)]
  0x0000021faae10ee0 WatcherThread "VM Periodic Task Thread"        [id=8444, stack(0x000000b501100000,0x000000b501200000) (1024K)]
  0x0000021faadc1c90 WorkerThread "GC Thread#0"                     [id=20344, stack(0x000000b501000000,0x000000b501100000) (1024K)]
  0x0000022004b6cec0 WorkerThread "GC Thread#1"                     [id=7468, stack(0x000000b501f00000,0x000000b502000000) (1024K)]
  0x0000022004ae0f40 WorkerThread "GC Thread#2"                     [id=20692, stack(0x000000b502000000,0x000000b502100000) (1024K)]
  0x0000022004ae12e0 WorkerThread "GC Thread#3"                     [id=21484, stack(0x000000b502100000,0x000000b502200000) (1024K)]
  0x0000022004ae1680 WorkerThread "GC Thread#4"                     [id=8524, stack(0x000000b502200000,0x000000b502300000) (1024K)]
  0x0000022004cf2590 WorkerThread "GC Thread#5"                     [id=9744, stack(0x000000b502300000,0x000000b502400000) (1024K)]
  0x0000022004cf2930 WorkerThread "GC Thread#6"                     [id=17996, stack(0x000000b502400000,0x000000b502500000) (1024K)]
  0x00000220091d5370 WorkerThread "GC Thread#7"                     [id=17148, stack(0x000000b502600000,0x000000b502700000) (1024K)]
Total: 10

Threads with active compile tasks:
Total: 0

VM state: not at safepoint (normal execution)

VM Mutex/Monitor currently owned by a thread: None

Heap address: 0x0000000080000000, size: 2048 MB, Compressed Oops mode: 32-bit

CDS archive(s) mapped at: [0x0000021fc2000000-0x0000021fc2ba0000-0x0000021fc2ba0000), size 12189696, SharedBaseAddress: 0x0000021fc2000000, ArchiveRelocationMode: 1.
Compressed class space mapped at: 0x0000021fc3000000-0x0000022003000000, reserved size: 1073741824
Narrow klass base: 0x0000021fc2000000, Narrow klass shift: 0, Narrow klass range: 0x100000000

GC Precious Log:
 CardTable entry size: 512
 CPUs: 8 total, 8 available
 Memory: 7914M
 Large Page Support: Disabled
 NUMA Support: Disabled
 Compressed Oops: Enabled (32-bit)
 Alignments: Space 512K, Generation 512K, Heap 2M
 Heap Min Capacity: 100M
 Heap Initial Capacity: 100M
 Heap Max Capacity: 2G
 Pre-touch: Disabled
 Parallel Workers: 8

Heap:
 PSYoungGen      total 4608K, used 1293K [0x00000000d5580000, 0x00000000d5d00000, 0x0000000100000000)
  eden space 4096K, 19% used [0x00000000d5580000,0x00000000d56436d8,0x00000000d5980000)
  from space 512K, 100% used [0x00000000d5b00000,0x00000000d5b80000,0x00000000d5b80000)
  to   space 1536K, 0% used [0x00000000d5980000,0x00000000d5980000,0x00000000d5b00000)
 ParOldGen       total 846336K, used 845847K [0x0000000080000000, 0x00000000b3a80000, 0x00000000d5580000)
  object space 846336K, 99% used [0x0000000080000000,0x00000000b3a05e90,0x00000000b3a80000)
 Metaspace       used 77796K, committed 79488K, reserved 1179648K
  class space    used 7677K, committed 8512K, reserved 1048576K

Card table byte_map: [0x0000021faa750000,0x0000021faab60000] _byte_map_base: 0x0000021faa350000

Marking Bits: (ParMarkBitMap*) 0x00007ffca6082460
 Begin Bits: [0x0000021fbd250000, 0x0000021fbf250000)
 End Bits:   [0x0000021fbf250000, 0x0000021fc1250000)

Polling page: 0x0000021fa8c80000

Metaspace:

Usage:
  Non-class:     68.48 MB used.
      Class:      7.50 MB used.
       Both:     75.97 MB used.

Virtual space:
  Non-class space:      128.00 MB reserved,      69.31 MB ( 54%) committed,  2 nodes.
      Class space:        1.00 GB reserved,       8.31 MB ( <1%) committed,  1 nodes.
             Both:        1.12 GB reserved,      77.62 MB (  7%) committed. 

Chunk freelists:
   Non-Class:  10.69 MB
       Class:  7.59 MB
        Both:  18.28 MB

MaxMetaspaceSize: unlimited
CompressedClassSpaceSize: 1.00 GB
Initial GC threshold: 21.00 MB
Current GC threshold: 117.19 MB
CDS: on
 - commit_granule_bytes: 65536.
 - commit_granule_words: 8192.
 - virtual_space_node_default_size: 8388608.
 - enlarge_chunks_in_place: 1.
 - use_allocation_guard: 0.


Internal statistics:

num_allocs_failed_limit: 9.
num_arena_births: 1636.
num_arena_deaths: 22.
num_vsnodes_births: 3.
num_vsnodes_deaths: 0.
num_space_committed: 1242.
num_space_uncommitted: 0.
num_chunks_returned_to_freelist: 35.
num_chunks_taken_from_freelist: 5653.
num_chunk_merges: 16.
num_chunk_splits: 3329.
num_chunks_enlarged: 1694.
num_inconsistent_stats: 0.

CodeHeap 'non-profiled nmethods': size=120000Kb used=23312Kb max_used=23312Kb free=96687Kb
 bounds [0x0000021fb5a70000, 0x0000021fb7140000, 0x0000021fbcfa0000]
CodeHeap 'profiled nmethods': size=120000Kb used=49138Kb max_used=49138Kb free=70861Kb
 bounds [0x0000021fadfa0000, 0x0000021fb0fa0000, 0x0000021fb54d0000]
CodeHeap 'non-nmethods': size=5760Kb used=1477Kb max_used=1557Kb free=4282Kb
 bounds [0x0000021fb54d0000, 0x0000021fb5740000, 0x0000021fb5a70000]
CodeCache: size=245760Kb, used=73927Kb, max_used=74007Kb, free=171830Kb
 total_blobs=20203, nmethods=19421, adapters=685, full_count=0
Compilation: enabled, stopped_count=0, restarted_count=0

Compilation events (20 events):
Event: 3012.993 Thread 0x0000021fc181dd40 21185       4       java.io.DataOutputStream::writeLong (30 bytes)
Event: 3013.040 Thread 0x0000021fc181fc60 21186       3       java.io.ObjectOutputStream::writeNonProxyDesc (109 bytes)
Event: 3013.050 Thread 0x0000021fc181fc60 nmethod 21186 0x0000021fb0f95e90 code [0x0000021fb0f96180, 0x0000021fb0f96f68]
Event: 3013.050 Thread 0x0000021fc181fc60 21187       3       java.io.ObjectOutputStream$BlockDataOutputStream::writeLong (48 bytes)
Event: 3013.055 Thread 0x0000021fc181fc60 nmethod 21187 0x0000021fb0f97490 code [0x0000021fb0f97680, 0x0000021fb0f97a90]
Event: 3013.109 Thread 0x0000021fc181dd40 nmethod 21185 0x0000021fb7131c90 code [0x0000021fb7131fa0, 0x0000021fb7132ef0]
Event: 3013.168 Thread 0x0000021fc181fc60 21188       3       java.io.FileOutputStream$1::close (11 bytes)
Event: 3013.169 Thread 0x0000021fc181fc60 nmethod 21188 0x0000021fb0f97c10 code [0x0000021fb0f97e00, 0x0000021fb0f98318]
Event: 3013.175 Thread 0x0000021fc181fc60 21189       1       java.io.DataOutputStream::size (5 bytes)
Event: 3013.175 Thread 0x0000021fc181fc60 nmethod 21189 0x0000021fb7133c10 code [0x0000021fb7133da0, 0x0000021fb7133e68]
Event: 3013.180 Thread 0x0000021fc181dd40 21190  s    4       java.io.FileDescriptor::attach (73 bytes)
Event: 3013.184 Thread 0x0000021fc181dd40 nmethod 21190 0x0000021fb7133f10 code [0x0000021fb71340a0, 0x0000021fb71342b0]
Event: 3013.256 Thread 0x0000021fc181fc60 21191  s    3       org.eclipse.core.internal.resources.SaveManager$MasterTable::put (93 bytes)
Event: 3013.299 Thread 0x0000021fc181fc60 nmethod 21191 0x0000021fb0f98510 code [0x0000021fb0f98860, 0x0000021fb0f99de8]
Event: 3013.308 Thread 0x0000021fc181fc60 21192   !   3       java.io.BufferedWriter::implClose (77 bytes)
Event: 3013.310 Thread 0x0000021fc181fc60 nmethod 21192 0x0000021fb0f9a590 code [0x0000021fb0f9a7a0, 0x0000021fb0f9acc0]
Event: 3013.310 Thread 0x0000021fc181fc60 21193       3       java.io.OutputStreamWriter::close (8 bytes)
Event: 3013.310 Thread 0x0000021fc181fc60 nmethod 21193 0x0000021fb0f9af10 code [0x0000021fb0f9b0c0, 0x0000021fb0f9b200]
Event: 3013.310 Thread 0x0000021fc181fc60 21194   !   3       sun.nio.cs.StreamEncoder::close (63 bytes)
Event: 3013.312 Thread 0x0000021fc181fc60 nmethod 21194 0x0000021fb0f9b310 code [0x0000021fb0f9b5e0, 0x0000021fb0f9c5f8]

GC Heap History (20 events):
Event: 2890.499 GC heap before
{Heap before GC invocations=841 (full 4):
 PSYoungGen      total 3072K, used 2783K [0x00000000d5580000, 0x00000000d5a00000, 0x0000000100000000)
  eden space 2560K, 99% used [0x00000000d5580000,0x00000000d57fffd8,0x00000000d5800000)
  from space 512K, 43% used [0x00000000d5980000,0x00000000d59b8000,0x00000000d5a00000)
  to   space 512K, 0% used [0x00000000d5900000,0x00000000d5900000,0x00000000d5980000)
 ParOldGen       total 842752K, used 842685K [0x0000000080000000, 0x00000000b3700000, 0x00000000d5580000)
  object space 842752K, 99% used [0x0000000080000000,0x00000000b36ef570,0x00000000b3700000)
 Metaspace       used 77763K, committed 79488K, reserved 1179648K
  class space    used 7677K, committed 8512K, reserved 1048576K
}
Event: 2890.501 GC heap after
{Heap after GC invocations=841 (full 4):
 PSYoungGen      total 3072K, used 324K [0x00000000d5580000, 0x00000000d5a00000, 0x0000000100000000)
  eden space 2560K, 0% used [0x00000000d5580000,0x00000000d5580000,0x00000000d5800000)
  from space 512K, 63% used [0x00000000d5900000,0x00000000d5951210,0x00000000d5980000)
  to   space 512K, 0% used [0x00000000d5980000,0x00000000d5980000,0x00000000d5a00000)
 ParOldGen       total 842752K, used 842693K [0x0000000080000000, 0x00000000b3700000, 0x00000000d5580000)
  object space 842752K, 99% used [0x0000000080000000,0x00000000b36f1570,0x00000000b3700000)
 Metaspace       used 77763K, committed 79488K, reserved 1179648K
  class space    used 7677K, committed 8512K, reserved 1048576K
}
Event: 2890.506 GC heap before
{Heap before GC invocations=842 (full 4):
 PSYoungGen      total 3072K, used 2884K [0x00000000d5580000, 0x00000000d5a00000, 0x0000000100000000)
  eden space 2560K, 100% used [0x00000000d5580000,0x00000000d5800000,0x00000000d5800000)
  from space 512K, 63% used [0x00000000d5900000,0x00000000d5951210,0x00000000d5980000)
  to   space 512K, 0% used [0x00000000d5980000,0x00000000d5980000,0x00000000d5a00000)
 ParOldGen       total 842752K, used 842693K [0x0000000080000000, 0x00000000b3700000, 0x00000000d5580000)
  object space 842752K, 99% used [0x0000000080000000,0x00000000b36f1570,0x00000000b3700000)
 Metaspace       used 77763K, committed 79488K, reserved 1179648K
  class space    used 7677K, committed 8512K, reserved 1048576K
}
Event: 2890.510 GC heap after
{Heap after GC invocations=842 (full 4):
 PSYoungGen      total 3072K, used 448K [0x00000000d5580000, 0x00000000d5a00000, 0x0000000100000000)
  eden space 2560K, 0% used [0x00000000d5580000,0x00000000d5580000,0x00000000d5800000)
  from space 512K, 87% used [0x00000000d5980000,0x00000000d59f0000,0x00000000d5a00000)
  to   space 512K, 0% used [0x00000000d5900000,0x00000000d5900000,0x00000000d5980000)
 ParOldGen       total 843264K, used 842941K [0x0000000080000000, 0x00000000b3780000, 0x00000000d5580000)
  object space 843264K, 99% used [0x0000000080000000,0x00000000b372f738,0x00000000b3780000)
 Metaspace       used 77763K, committed 79488K, reserved 1179648K
  class space    used 7677K, committed 8512K, reserved 1048576K
}
Event: 2890.515 GC heap before
{Heap before GC invocations=843 (full 4):
 PSYoungGen      total 3072K, used 3008K [0x00000000d5580000, 0x00000000d5a00000, 0x0000000100000000)
  eden space 2560K, 100% used [0x00000000d5580000,0x00000000d5800000,0x00000000d5800000)
  from space 512K, 87% used [0x00000000d5980000,0x00000000d59f0000,0x00000000d5a00000)
  to   space 512K, 0% used [0x00000000d5900000,0x00000000d5900000,0x00000000d5980000)
 ParOldGen       total 843264K, used 842941K [0x0000000080000000, 0x00000000b3780000, 0x00000000d5580000)
  object space 843264K, 99% used [0x0000000080000000,0x00000000b372f738,0x00000000b3780000)
 Metaspace       used 77763K, committed 79488K, reserved 1179648K
  class space    used 7677K, committed 8512K, reserved 1048576K
}
Event: 2890.516 GC heap after
{Heap after GC invocations=843 (full 4):
 PSYoungGen      total 3072K, used 288K [0x00000000d5580000, 0x00000000d5a00000, 0x0000000100000000)
  eden space 2560K, 0% used [0x00000000d5580000,0x00000000d5580000,0x00000000d5800000)
  from space 512K, 56% used [0x00000000d5900000,0x00000000d5948000,0x00000000d5980000)
  to   space 512K, 0% used [0x00000000d5980000,0x00000000d5980000,0x00000000d5a00000)
 ParOldGen       total 843776K, used 843301K [0x0000000080000000, 0x00000000b3800000, 0x00000000d5580000)
  object space 843776K, 99% used [0x0000000080000000,0x00000000b3789738,0x00000000b3800000)
 Metaspace       used 77763K, committed 79488K, reserved 1179648K
  class space    used 7677K, committed 8512K, reserved 1048576K
}
Event: 2890.521 GC heap before
{Heap before GC invocations=844 (full 4):
 PSYoungGen      total 3072K, used 2848K [0x00000000d5580000, 0x00000000d5a00000, 0x0000000100000000)
  eden space 2560K, 100% used [0x00000000d5580000,0x00000000d5800000,0x00000000d5800000)
  from space 512K, 56% used [0x00000000d5900000,0x00000000d5948000,0x00000000d5980000)
  to   space 512K, 0% used [0x00000000d5980000,0x00000000d5980000,0x00000000d5a00000)
 ParOldGen       total 843776K, used 843301K [0x0000000080000000, 0x00000000b3800000, 0x00000000d5580000)
  object space 843776K, 99% used [0x0000000080000000,0x00000000b3789738,0x00000000b3800000)
 Metaspace       used 77769K, committed 79488K, reserved 1179648K
  class space    used 7677K, committed 8512K, reserved 1048576K
}
Event: 2890.523 GC heap after
{Heap after GC invocations=844 (full 4):
 PSYoungGen      total 3072K, used 320K [0x00000000d5580000, 0x00000000d5a00000, 0x0000000100000000)
  eden space 2560K, 0% used [0x00000000d5580000,0x00000000d5580000,0x00000000d5800000)
  from space 512K, 62% used [0x00000000d5980000,0x00000000d59d0000,0x00000000d5a00000)
  to   space 512K, 0% used [0x00000000d5900000,0x00000000d5900000,0x00000000d5980000)
 ParOldGen       total 843776K, used 843473K [0x0000000080000000, 0x00000000b3800000, 0x00000000d5580000)
  object space 843776K, 99% used [0x0000000080000000,0x00000000b37b4748,0x00000000b3800000)
 Metaspace       used 77769K, committed 79488K, reserved 1179648K
  class space    used 7677K, committed 8512K, reserved 1048576K
}
Event: 2890.525 GC heap before
{Heap before GC invocations=845 (full 4):
 PSYoungGen      total 3072K, used 2880K [0x00000000d5580000, 0x00000000d5a00000, 0x0000000100000000)
  eden space 2560K, 100% used [0x00000000d5580000,0x00000000d5800000,0x00000000d5800000)
  from space 512K, 62% used [0x00000000d5980000,0x00000000d59d0000,0x00000000d5a00000)
  to   space 512K, 0% used [0x00000000d5900000,0x00000000d5900000,0x00000000d5980000)
 ParOldGen       total 843776K, used 843473K [0x0000000080000000, 0x00000000b3800000, 0x00000000d5580000)
  object space 843776K, 99% used [0x0000000080000000,0x00000000b37b4748,0x00000000b3800000)
 Metaspace       used 77777K, committed 79488K, reserved 1179648K
  class space    used 7677K, committed 8512K, reserved 1048576K
}
Event: 2890.526 GC heap after
{Heap after GC invocations=845 (full 4):
 PSYoungGen      total 3584K, used 272K [0x00000000d5580000, 0x00000000d5a00000, 0x0000000100000000)
  eden space 3072K, 0% used [0x00000000d5580000,0x00000000d5580000,0x00000000d5880000)
  from space 512K, 53% used [0x00000000d5900000,0x00000000d5944010,0x00000000d5980000)
  to   space 512K, 0% used [0x00000000d5980000,0x00000000d5980000,0x00000000d5a00000)
 ParOldGen       total 843776K, used 843729K [0x0000000080000000, 0x00000000b3800000, 0x00000000d5580000)
  object space 843776K, 99% used [0x0000000080000000,0x00000000b37f4768,0x00000000b3800000)
 Metaspace       used 77777K, committed 79488K, reserved 1179648K
  class space    used 7677K, committed 8512K, reserved 1048576K
}
Event: 2890.538 GC heap before
{Heap before GC invocations=846 (full 4):
 PSYoungGen      total 3584K, used 3344K [0x00000000d5580000, 0x00000000d5a00000, 0x0000000100000000)
  eden space 3072K, 100% used [0x00000000d5580000,0x00000000d5880000,0x00000000d5880000)
  from space 512K, 53% used [0x00000000d5900000,0x00000000d5944010,0x00000000d5980000)
  to   space 512K, 0% used [0x00000000d5980000,0x00000000d5980000,0x00000000d5a00000)
 ParOldGen       total 843776K, used 843729K [0x0000000080000000, 0x00000000b3800000, 0x00000000d5580000)
  object space 843776K, 99% used [0x0000000080000000,0x00000000b37f4768,0x00000000b3800000)
 Metaspace       used 77777K, committed 79488K, reserved 1179648K
  class space    used 7677K, committed 8512K, reserved 1048576K
}
Event: 2890.539 GC heap after
{Heap after GC invocations=846 (full 4):
 PSYoungGen      total 3584K, used 512K [0x00000000d5580000, 0x00000000d5b80000, 0x0000000100000000)
  eden space 3072K, 0% used [0x00000000d5580000,0x00000000d5580000,0x00000000d5880000)
  from space 512K, 100% used [0x00000000d5980000,0x00000000d5a00000,0x00000000d5a00000)
  to   space 1024K, 0% used [0x00000000d5880000,0x00000000d5880000,0x00000000d5980000)
 ParOldGen       total 844288K, used 844073K [0x0000000080000000, 0x00000000b3880000, 0x00000000d5580000)
  object space 844288K, 99% used [0x0000000080000000,0x00000000b384a798,0x00000000b3880000)
 Metaspace       used 77777K, committed 79488K, reserved 1179648K
  class space    used 7677K, committed 8512K, reserved 1048576K
}
Event: 2890.544 GC heap before
{Heap before GC invocations=847 (full 4):
 PSYoungGen      total 3584K, used 3584K [0x00000000d5580000, 0x00000000d5b80000, 0x0000000100000000)
  eden space 3072K, 100% used [0x00000000d5580000,0x00000000d5880000,0x00000000d5880000)
  from space 512K, 100% used [0x00000000d5980000,0x00000000d5a00000,0x00000000d5a00000)
  to   space 1024K, 0% used [0x00000000d5880000,0x00000000d5880000,0x00000000d5980000)
 ParOldGen       total 844288K, used 844073K [0x0000000080000000, 0x00000000b3880000, 0x00000000d5580000)
  object space 844288K, 99% used [0x0000000080000000,0x00000000b384a798,0x00000000b3880000)
 Metaspace       used 77778K, committed 79488K, reserved 1179648K
  class space    used 7677K, committed 8512K, reserved 1048576K
}
Event: 2890.546 GC heap after
{Heap after GC invocations=847 (full 4):
 PSYoungGen      total 4096K, used 602K [0x00000000d5580000, 0x00000000d5b80000, 0x0000000100000000)
  eden space 3072K, 0% used [0x00000000d5580000,0x00000000d5580000,0x00000000d5880000)
  from space 1024K, 58% used [0x00000000d5880000,0x00000000d5916900,0x00000000d5980000)
  to   space 1024K, 0% used [0x00000000d5a80000,0x00000000d5a80000,0x00000000d5b80000)
 ParOldGen       total 844800K, used 844569K [0x0000000080000000, 0x00000000b3900000, 0x00000000d5580000)
  object space 844800K, 99% used [0x0000000080000000,0x00000000b38c6798,0x00000000b3900000)
 Metaspace       used 77778K, committed 79488K, reserved 1179648K
  class space    used 7677K, committed 8512K, reserved 1048576K
}
Event: 2890.550 GC heap before
{Heap before GC invocations=848 (full 4):
 PSYoungGen      total 4096K, used 3674K [0x00000000d5580000, 0x00000000d5b80000, 0x0000000100000000)
  eden space 3072K, 100% used [0x00000000d5580000,0x00000000d5880000,0x00000000d5880000)
  from space 1024K, 58% used [0x00000000d5880000,0x00000000d5916900,0x00000000d5980000)
  to   space 1024K, 0% used [0x00000000d5a80000,0x00000000d5a80000,0x00000000d5b80000)
 ParOldGen       total 844800K, used 844569K [0x0000000080000000, 0x00000000b3900000, 0x00000000d5580000)
  object space 844800K, 99% used [0x0000000080000000,0x00000000b38c6798,0x00000000b3900000)
 Metaspace       used 77778K, committed 79488K, reserved 1179648K
  class space    used 7677K, committed 8512K, reserved 1048576K
}
Event: 2890.552 GC heap after
{Heap after GC invocations=848 (full 4):
 PSYoungGen      total 4608K, used 352K [0x00000000d5580000, 0x00000000d5b00000, 0x0000000100000000)
  eden space 4096K, 0% used [0x00000000d5580000,0x00000000d5580000,0x00000000d5980000)
  from space 512K, 68% used [0x00000000d5a80000,0x00000000d5ad8000,0x00000000d5b00000)
  to   space 512K, 0% used [0x00000000d5a00000,0x00000000d5a00000,0x00000000d5a80000)
 ParOldGen       total 845312K, used 845045K [0x0000000080000000, 0x00000000b3980000, 0x00000000d5580000)
  object space 845312K, 99% used [0x0000000080000000,0x00000000b393d6d0,0x00000000b3980000)
 Metaspace       used 77778K, committed 79488K, reserved 1179648K
  class space    used 7677K, committed 8512K, reserved 1048576K
}
Event: 2890.556 GC heap before
{Heap before GC invocations=849 (full 4):
 PSYoungGen      total 4608K, used 4448K [0x00000000d5580000, 0x00000000d5b00000, 0x0000000100000000)
  eden space 4096K, 100% used [0x00000000d5580000,0x00000000d5980000,0x00000000d5980000)
  from space 512K, 68% used [0x00000000d5a80000,0x00000000d5ad8000,0x00000000d5b00000)
  to   space 512K, 0% used [0x00000000d5a00000,0x00000000d5a00000,0x00000000d5a80000)
 ParOldGen       total 845312K, used 845045K [0x0000000080000000, 0x00000000b3980000, 0x00000000d5580000)
  object space 845312K, 99% used [0x0000000080000000,0x00000000b393d6d0,0x00000000b3980000)
 Metaspace       used 77778K, committed 79488K, reserved 1179648K
  class space    used 7677K, committed 8512K, reserved 1048576K
}
Event: 2890.558 GC heap after
{Heap after GC invocations=849 (full 4):
 PSYoungGen      total 5120K, used 384K [0x00000000d5580000, 0x00000000d5b80000, 0x0000000100000000)
  eden space 4608K, 0% used [0x00000000d5580000,0x00000000d5580000,0x00000000d5a00000)
  from space 512K, 75% used [0x00000000d5a00000,0x00000000d5a60020,0x00000000d5a80000)
  to   space 512K, 0% used [0x00000000d5b00000,0x00000000d5b00000,0x00000000d5b80000)
 ParOldGen       total 845312K, used 845297K [0x0000000080000000, 0x00000000b3980000, 0x00000000d5580000)
  object space 845312K, 99% used [0x0000000080000000,0x00000000b397c6e0,0x00000000b3980000)
 Metaspace       used 77778K, committed 79488K, reserved 1179648K
  class space    used 7677K, committed 8512K, reserved 1048576K
}
Event: 3012.674 GC heap before
{Heap before GC invocations=850 (full 4):
 PSYoungGen      total 5120K, used 4991K [0x00000000d5580000, 0x00000000d5b80000, 0x0000000100000000)
  eden space 4608K, 99% used [0x00000000d5580000,0x00000000d59ffe90,0x00000000d5a00000)
  from space 512K, 75% used [0x00000000d5a00000,0x00000000d5a60020,0x00000000d5a80000)
  to   space 512K, 0% used [0x00000000d5b00000,0x00000000d5b00000,0x00000000d5b80000)
 ParOldGen       total 845312K, used 845297K [0x0000000080000000, 0x00000000b3980000, 0x00000000d5580000)
  object space 845312K, 99% used [0x0000000080000000,0x00000000b397c6e0,0x00000000b3980000)
 Metaspace       used 77790K, committed 79488K, reserved 1179648K
  class space    used 7677K, committed 8512K, reserved 1048576K
}
Event: 3012.827 GC heap after
{Heap after GC invocations=850 (full 4):
 PSYoungGen      total 4608K, used 512K [0x00000000d5580000, 0x00000000d5d00000, 0x0000000100000000)
  eden space 4096K, 0% used [0x00000000d5580000,0x00000000d5580000,0x00000000d5980000)
  from space 512K, 100% used [0x00000000d5b00000,0x00000000d5b80000,0x00000000d5b80000)
  to   space 1536K, 0% used [0x00000000d5980000,0x00000000d5980000,0x00000000d5b00000)
 ParOldGen       total 846336K, used 845847K [0x0000000080000000, 0x00000000b3a80000, 0x00000000d5580000)
  object space 846336K, 99% used [0x0000000080000000,0x00000000b3a05e90,0x00000000b3a80000)
 Metaspace       used 77790K, committed 79488K, reserved 1179648K
  class space    used 7677K, committed 8512K, reserved 1048576K
}

Dll operation events (10 events):
Event: 0.010 Loaded shared library c:\Users\mothaiba\.antigravity\extensions\redhat.java-1.52.0-win32-x64\jre\21.0.9-win32-x86_64\bin\java.dll
Event: 0.108 Loaded shared library c:\Users\mothaiba\.antigravity\extensions\redhat.java-1.52.0-win32-x64\jre\21.0.9-win32-x86_64\bin\zip.dll
Event: 0.133 Loaded shared library C:\Users\mothaiba\.antigravity\extensions\redhat.java-1.52.0-win32-x64\jre\21.0.9-win32-x86_64\bin\instrument.dll
Event: 0.142 Loaded shared library C:\Users\mothaiba\.antigravity\extensions\redhat.java-1.52.0-win32-x64\jre\21.0.9-win32-x86_64\bin\net.dll
Event: 0.144 Loaded shared library C:\Users\mothaiba\.antigravity\extensions\redhat.java-1.52.0-win32-x64\jre\21.0.9-win32-x86_64\bin\nio.dll
Event: 0.147 Loaded shared library C:\Users\mothaiba\.antigravity\extensions\redhat.java-1.52.0-win32-x64\jre\21.0.9-win32-x86_64\bin\zip.dll
Event: 0.166 Loaded shared library C:\Users\mothaiba\.antigravity\extensions\redhat.java-1.52.0-win32-x64\jre\21.0.9-win32-x86_64\bin\jimage.dll
Event: 0.328 Loaded shared library c:\Users\mothaiba\.antigravity\extensions\redhat.java-1.52.0-win32-x64\jre\21.0.9-win32-x86_64\bin\verify.dll
Event: 1.795 Loaded shared library C:\Users\mothaiba\AppData\Roaming\Antigravity\User\globalStorage\redhat.java\1.52.0\config_win\org.eclipse.equinox.launcher\org.eclipse.equinox.launcher.win32.win32.x86_64_1.2.1500.v20260121-1430\eclipse_11919.dll
Event: 4.567 Loaded shared library C:\Users\mothaiba\AppData\Local\Temp\jna--158519555\jna11250608797382544097.dll

Deoptimization events (20 events):
Event: 2874.032 Thread 0x000002200c7fb810 Uncommon trap: trap_request=0xffffffbe fr.pc=0x0000021fb710582c relative=0x0000000000000b6c
Event: 2874.032 Thread 0x000002200c7fb810 Uncommon trap: reason=profile_predicate action=maybe_recompile pc=0x0000021fb710582c method=org.eclipse.sisu.plexus.CompositeBeanHelper.findMethod(Ljava/lang/Class;[Ljava/lang/reflect/Type;Ljava/lang/String;Ljava/lang/Class;)Ljava/lang/reflect/Method; @ 2
Event: 2874.032 Thread 0x000002200c7fb810 DEOPT PACKING pc=0x0000021fb710582c sp=0x000000b502dfda20
Event: 2874.032 Thread 0x000002200c7fb810 DEOPT UNPACKING pc=0x0000021fb5526da2 sp=0x000000b502dfd9b8 mode 2
Event: 2874.032 Thread 0x000002200c7fb810 Uncommon trap: trap_request=0xffffffbe fr.pc=0x0000021fb710582c relative=0x0000000000000b6c
Event: 2874.032 Thread 0x000002200c7fb810 Uncommon trap: reason=profile_predicate action=maybe_recompile pc=0x0000021fb710582c method=org.eclipse.sisu.plexus.CompositeBeanHelper.findMethod(Ljava/lang/Class;[Ljava/lang/reflect/Type;Ljava/lang/String;Ljava/lang/Class;)Ljava/lang/reflect/Method; @ 2
Event: 2874.032 Thread 0x000002200c7fb810 DEOPT PACKING pc=0x0000021fb710582c sp=0x000000b502dfda20
Event: 2874.032 Thread 0x000002200c7fb810 DEOPT UNPACKING pc=0x0000021fb5526da2 sp=0x000000b502dfd9b8 mode 2
Event: 2874.032 Thread 0x000002200c7fb810 Uncommon trap: trap_request=0xffffffbe fr.pc=0x0000021fb710582c relative=0x0000000000000b6c
Event: 2874.032 Thread 0x000002200c7fb810 Uncommon trap: reason=profile_predicate action=maybe_recompile pc=0x0000021fb710582c method=org.eclipse.sisu.plexus.CompositeBeanHelper.findMethod(Ljava/lang/Class;[Ljava/lang/reflect/Type;Ljava/lang/String;Ljava/lang/Class;)Ljava/lang/reflect/Method; @ 2
Event: 2874.032 Thread 0x000002200c7fb810 DEOPT PACKING pc=0x0000021fb710582c sp=0x000000b502dfda20
Event: 2874.032 Thread 0x000002200c7fb810 DEOPT UNPACKING pc=0x0000021fb5526da2 sp=0x000000b502dfd9b8 mode 2
Event: 2874.032 Thread 0x000002200c7fb810 Uncommon trap: trap_request=0xffffffbe fr.pc=0x0000021fb710582c relative=0x0000000000000b6c
Event: 2874.032 Thread 0x000002200c7fb810 Uncommon trap: reason=profile_predicate action=maybe_recompile pc=0x0000021fb710582c method=org.eclipse.sisu.plexus.CompositeBeanHelper.findMethod(Ljava/lang/Class;[Ljava/lang/reflect/Type;Ljava/lang/String;Ljava/lang/Class;)Ljava/lang/reflect/Method; @ 2
Event: 2874.032 Thread 0x000002200c7fb810 DEOPT PACKING pc=0x0000021fb710582c sp=0x000000b502dfda20
Event: 2874.033 Thread 0x000002200c7fb810 DEOPT UNPACKING pc=0x0000021fb5526da2 sp=0x000000b502dfd9b8 mode 2
Event: 3012.377 Thread 0x0000022019c488c0 Uncommon trap: trap_request=0xffffff45 fr.pc=0x0000021fb6e5b670 relative=0x0000000000000490
Event: 3012.377 Thread 0x0000022019c488c0 Uncommon trap: reason=unstable_if action=reinterpret pc=0x0000021fb6e5b670 method=java.lang.ThreadLocal.remove(Ljava/lang/Thread;)V @ 7 c2
Event: 3012.378 Thread 0x0000022019c488c0 DEOPT PACKING pc=0x0000021fb6e5b670 sp=0x000000b500dfee20
Event: 3012.378 Thread 0x0000022019c488c0 DEOPT UNPACKING pc=0x0000021fb5526da2 sp=0x000000b500dfed68 mode 2

Classes loaded (20 events):
Event: 864.502 Loading class sun/nio/fs/WindowsFileCopy
Event: 864.503 Loading class sun/nio/fs/WindowsFileCopy done
Event: 864.969 Loading class jdk/internal/module/IllegalAccessLogger
Event: 864.969 Loading class jdk/internal/module/IllegalAccessLogger done
Event: 867.465 Loading class jdk/internal/module/IllegalAccessLogger
Event: 867.465 Loading class jdk/internal/module/IllegalAccessLogger done
Event: 895.111 Loading class jdk/internal/module/IllegalAccessLogger
Event: 895.111 Loading class jdk/internal/module/IllegalAccessLogger done
Event: 2456.234 Loading class java/util/ArrayDeque$DeqSpliterator
Event: 2456.254 Loading class java/util/ArrayDeque$DeqSpliterator done
Event: 2518.480 Loading class jdk/internal/module/IllegalAccessLogger
Event: 2518.480 Loading class jdk/internal/module/IllegalAccessLogger done
Event: 2640.270 Loading class jdk/internal/module/IllegalAccessLogger
Event: 2640.270 Loading class jdk/internal/module/IllegalAccessLogger done
Event: 2689.013 Loading class jdk/internal/module/IllegalAccessLogger
Event: 2689.014 Loading class jdk/internal/module/IllegalAccessLogger done
Event: 2710.355 Loading class java/nio/channels/CompletionHandler
Event: 2710.395 Loading class java/nio/channels/CompletionHandler done
Event: 2868.267 Loading class jdk/internal/module/IllegalAccessLogger
Event: 2868.267 Loading class jdk/internal/module/IllegalAccessLogger done

Classes unloaded (11 events):
Event: 6.314 Thread 0x0000021fc18135f0 Unloading class 0x0000021fc31aac00 'java/lang/invoke/LambdaForm$MH+0x0000021fc31aac00'
Event: 6.314 Thread 0x0000021fc18135f0 Unloading class 0x0000021fc31aa800 'java/lang/invoke/LambdaForm$MH+0x0000021fc31aa800'
Event: 6.314 Thread 0x0000021fc18135f0 Unloading class 0x0000021fc31aa400 'java/lang/invoke/LambdaForm$MH+0x0000021fc31aa400'
Event: 6.314 Thread 0x0000021fc18135f0 Unloading class 0x0000021fc31aa000 'java/lang/invoke/LambdaForm$MH+0x0000021fc31aa000'
Event: 6.314 Thread 0x0000021fc18135f0 Unloading class 0x0000021fc31a9c00 'java/lang/invoke/LambdaForm$BMH+0x0000021fc31a9c00'
Event: 6.314 Thread 0x0000021fc18135f0 Unloading class 0x0000021fc31a9800 'java/lang/invoke/LambdaForm$DMH+0x0000021fc31a9800'
Event: 6.314 Thread 0x0000021fc18135f0 Unloading class 0x0000021fc31a8400 'java/lang/invoke/LambdaForm$DMH+0x0000021fc31a8400'
Event: 48.363 Thread 0x0000021fc18135f0 Unloading class 0x0000021fc3750000 'java/lang/invoke/LambdaForm$DMH+0x0000021fc3750000'
Event: 48.363 Thread 0x0000021fc18135f0 Unloading class 0x0000021fc3739000 'java/lang/invoke/LambdaForm$DMH+0x0000021fc3739000'
Event: 48.363 Thread 0x0000021fc18135f0 Unloading class 0x0000021fc3738c00 'java/lang/invoke/LambdaForm$DMH+0x0000021fc3738c00'
Event: 48.363 Thread 0x0000021fc18135f0 Unloading class 0x0000021fc3738400 'java/lang/invoke/LambdaForm$DMH+0x0000021fc3738400'

Classes redefined (0 events):
No events

Internal exceptions (20 events):
Event: 2558.323 Thread 0x0000022009e02b80 Exception <a 'sun/nio/fs/WindowsException'{0x00000000d571fa38}> (0x00000000d571fa38) 
thrown [s\src\hotspot\share\prims\jni.cpp, line 520]
Event: 2578.123 Thread 0x0000022009e02b80 Exception <a 'sun/nio/fs/WindowsException'{0x00000000d579a750}> (0x00000000d579a750) 
thrown [s\src\hotspot\share\prims\jni.cpp, line 520]
Event: 2578.123 Thread 0x0000022009e02b80 Exception <a 'sun/nio/fs/WindowsException'{0x00000000d579b170}> (0x00000000d579b170) 
thrown [s\src\hotspot\share\prims\jni.cpp, line 520]
Event: 2581.110 Thread 0x0000022009e03f30 Exception <a 'sun/nio/fs/WindowsException'{0x00000000d573de98}> (0x00000000d573de98) 
thrown [s\src\hotspot\share\prims\jni.cpp, line 520]
Event: 2581.112 Thread 0x0000022009e03f30 Exception <a 'sun/nio/fs/WindowsException'{0x00000000d573e908}> (0x00000000d573e908) 
thrown [s\src\hotspot\share\prims\jni.cpp, line 520]
Event: 2640.028 Thread 0x0000022009e052e0 Exception <a 'sun/nio/fs/WindowsException'{0x00000000d5611f68}> (0x00000000d5611f68) 
thrown [s\src\hotspot\share\prims\jni.cpp, line 520]
Event: 2640.896 Thread 0x0000022009e052e0 Exception <a 'sun/nio/fs/WindowsException'{0x00000000d55849a0}> (0x00000000d55849a0) 
thrown [s\src\hotspot\share\prims\jni.cpp, line 520]
Event: 2662.899 Thread 0x0000022009e03f30 Exception <a 'sun/nio/fs/WindowsException'{0x00000000d582a3e0}> (0x00000000d582a3e0) 
thrown [s\src\hotspot\share\prims\jni.cpp, line 520]
Event: 2662.899 Thread 0x0000022009e03f30 Exception <a 'sun/nio/fs/WindowsException'{0x00000000d582ae00}> (0x00000000d582ae00) 
thrown [s\src\hotspot\share\prims\jni.cpp, line 520]
Event: 2688.873 Thread 0x0000022009e052e0 Exception <a 'sun/nio/fs/WindowsException'{0x00000000d55b1510}> (0x00000000d55b1510) 
thrown [s\src\hotspot\share\prims\jni.cpp, line 520]
Event: 2689.184 Thread 0x0000022009e052e0 Exception <a 'sun/nio/fs/WindowsException'{0x00000000d56c39c0}> (0x00000000d56c39c0) 
thrown [s\src\hotspot\share\prims\jni.cpp, line 520]
Event: 2701.548 Thread 0x000002200c7f5c30 Exception <a 'sun/nio/fs/WindowsException'{0x00000000d5887bd8}> (0x00000000d5887bd8) 
thrown [s\src\hotspot\share\prims\jni.cpp, line 520]
Event: 2701.548 Thread 0x000002200c7f5c30 Exception <a 'sun/nio/fs/WindowsException'{0x00000000d58885e8}> (0x00000000d58885e8) 
thrown [s\src\hotspot\share\prims\jni.cpp, line 520]
Event: 2712.333 Thread 0x000002200c7fb180 Exception <a 'sun/nio/fs/WindowsException'{0x00000000d55c0980}> (0x00000000d55c0980) 
thrown [s\src\hotspot\share\prims\jni.cpp, line 520]
Event: 2712.333 Thread 0x000002200c7fb180 Exception <a 'sun/nio/fs/WindowsException'{0x00000000d55c1390}> (0x00000000d55c1390) 
thrown [s\src\hotspot\share\prims\jni.cpp, line 520]
Event: 2868.184 Thread 0x0000022009e052e0 Exception <a 'sun/nio/fs/WindowsException'{0x00000000d55be078}> (0x00000000d55be078) 
thrown [s\src\hotspot\share\prims\jni.cpp, line 520]
Event: 2868.611 Thread 0x0000022009e052e0 Exception <a 'sun/nio/fs/WindowsException'{0x00000000d5763d18}> (0x00000000d5763d18) 
thrown [s\src\hotspot\share\prims\jni.cpp, line 520]
Event: 3012.377 Thread 0x0000022019c488c0 Implicit null exception at 0x0000021fb6e5b23f to 0x0000021fb6e5b660
Event: 3012.892 Thread 0x0000022019c488c0 Exception <a 'sun/nio/fs/WindowsException'{0x00000000d5591f68}> (0x00000000d5591f68) 
thrown [s\src\hotspot\share\prims\jni.cpp, line 520]
Event: 3012.898 Thread 0x0000022019c488c0 Exception <a 'sun/nio/fs/WindowsException'{0x00000000d5592758}> (0x00000000d5592758) 
thrown [s\src\hotspot\share\prims\jni.cpp, line 520]

ZGC Phase Switch (0 events):
No events

VM Operations (20 events):
Event: 2890.556 Executing VM operation: ParallelGCFailedAllocation (Allocation Failure)
Event: 2890.558 Executing VM operation: ParallelGCFailedAllocation (Allocation Failure) done
Event: 2891.571 Executing VM operation: Cleanup
Event: 2891.571 Executing VM operation: Cleanup done
Event: 2946.485 Executing VM operation: HandshakeAllThreads (HandshakeForDeflation)
Event: 2946.485 Executing VM operation: HandshakeAllThreads (HandshakeForDeflation) done
Event: 2946.485 Executing VM operation: RendezvousGCThreads
Event: 2946.485 Executing VM operation: RendezvousGCThreads done
Event: 3005.906 Executing VM operation: Cleanup
Event: 3005.906 Executing VM operation: Cleanup done
Event: 3006.618 Executing VM operation: HandshakeAllThreads (HandshakeForDeflation)
Event: 3006.618 Executing VM operation: HandshakeAllThreads (HandshakeForDeflation) done
Event: 3006.618 Executing VM operation: RendezvousGCThreads
Event: 3006.618 Executing VM operation: RendezvousGCThreads done
Event: 3012.662 Executing VM operation: Cleanup
Event: 3012.662 Executing VM operation: Cleanup done
Event: 3012.673 Executing VM operation: ParallelGCFailedAllocation (Allocation Failure)
Event: 3012.827 Executing VM operation: ParallelGCFailedAllocation (Allocation Failure) done
Event: 3013.840 Executing VM operation: Cleanup
Event: 3013.840 Executing VM operation: Cleanup done

Memory protections (0 events):
No events

Nmethod flushes (20 events):
Event: 48.414 Thread 0x0000021fc18135f0 flushing  nmethod 0x0000021faf040110
Event: 48.414 Thread 0x0000021fc18135f0 flushing  nmethod 0x0000021faf041a90
Event: 48.414 Thread 0x0000021fc18135f0 flushing  nmethod 0x0000021faf047810
Event: 48.414 Thread 0x0000021fc18135f0 flushing  nmethod 0x0000021faf04b510
Event: 48.414 Thread 0x0000021fc18135f0 flushing  nmethod 0x0000021faf04ea10
Event: 48.414 Thread 0x0000021fc18135f0 flushing  nmethod 0x0000021faf04f610
Event: 48.414 Thread 0x0000021fc18135f0 flushing  nmethod 0x0000021faf053310
Event: 48.414 Thread 0x0000021fc18135f0 flushing  nmethod 0x0000021faf054410
Event: 48.414 Thread 0x0000021fc18135f0 flushing  nmethod 0x0000021faf055190
Event: 48.414 Thread 0x0000021fc18135f0 flushing  nmethod 0x0000021faf056590
Event: 48.414 Thread 0x0000021fc18135f0 flushing  nmethod 0x0000021faf070c10
Event: 48.414 Thread 0x0000021fc18135f0 flushing  nmethod 0x0000021faf075f90
Event: 48.414 Thread 0x0000021fc18135f0 flushing  nmethod 0x0000021faf076590
Event: 48.414 Thread 0x0000021fc18135f0 flushing  nmethod 0x0000021faf07a790
Event: 48.414 Thread 0x0000021fc18135f0 flushing  nmethod 0x0000021faf07ca10
Event: 48.414 Thread 0x0000021fc18135f0 flushing  nmethod 0x0000021faf082910
Event: 48.414 Thread 0x0000021fc18135f0 flushing  nmethod 0x0000021faf0a4390
Event: 48.414 Thread 0x0000021fc18135f0 flushing  nmethod 0x0000021faf140590
Event: 48.414 Thread 0x0000021fc18135f0 flushing  nmethod 0x0000021faf15c490
Event: 48.414 Thread 0x0000021fc18135f0 flushing  nmethod 0x0000021faf1c8a10

Events (20 events):
Event: 2869.544 Thread 0x00000220092f1920 Thread exited: 0x00000220092f1920
Event: 2890.572 Thread 0x0000021fc181fc60 Thread added: 0x00000220092f1920
Event: 2895.617 Thread 0x00000220092f1920 Thread exited: 0x00000220092f1920
Event: 2928.246 Thread 0x0000022019c488c0 Thread exited: 0x0000022019c488c0
Event: 2928.323 Thread 0x0000022019c46e80 Thread exited: 0x0000022019c46e80
Event: 2940.154 Thread 0x0000022019c467f0 Thread exited: 0x0000022019c467f0
Event: 2948.502 Thread 0x0000022019c47510 Thread exited: 0x0000022019c47510
Event: 2950.499 Thread 0x0000022019c47ba0 Thread exited: 0x0000022019c47ba0
Event: 2950.583 Thread 0x000002200c7fb810 Thread exited: 0x000002200c7fb810
Event: 2988.979 Thread 0x0000022019c46160 Thread exited: 0x0000022019c46160
Event: 3004.907 Thread 0x0000022019c41930 Thread added: 0x0000022019c488c0
Event: 3004.975 Thread 0x000002200c7f5c30 Thread exited: 0x000002200c7f5c30
Event: 3012.646 Thread 0x0000022019c488c0 Thread added: 0x0000022019c42ce0
Event: 3012.669 Thread 0x0000022019c42ce0 Thread exited: 0x0000022019c42ce0
Event: 3012.950 Thread 0x0000022019c488c0 Thread added: 0x0000022019c42650
Event: 3012.977 Thread 0x0000022019c42650 Thread added: 0x0000022019c467f0
Event: 3012.985 Thread 0x0000022019c42650 Thread added: 0x0000022019c42ce0
Event: 3012.998 Thread 0x0000022019c42ce0 Thread exited: 0x0000022019c42ce0
Event: 3012.998 Thread 0x0000022019c467f0 Thread exited: 0x0000022019c467f0
Event: 3012.998 Thread 0x0000022019c42650 Thread exited: 0x0000022019c42650


Dynamic libraries:
0x00007ff67b200000 - 0x00007ff67b20e000 	c:\Users\mothaiba\.antigravity\extensions\redhat.java-1.52.0-win32-x64\jre\21.0.9-win32-x86_64\bin\java.exe
0x00007ffd482d0000 - 0x00007ffd484e8000 	C:\WINDOWS\SYSTEM32\ntdll.dll
0x00007ffd46f10000 - 0x00007ffd46fd4000 	C:\WINDOWS\System32\KERNEL32.DLL
0x00007ffd45810000 - 0x00007ffd45be3000 	C:\WINDOWS\System32\KERNELBASE.dll
0x00007ffd45e50000 - 0x00007ffd45f61000 	C:\WINDOWS\System32\ucrtbase.dll
0x00007ffd2d5e0000 - 0x00007ffd2d5f8000 	c:\Users\mothaiba\.antigravity\extensions\redhat.java-1.52.0-win32-x64\jre\21.0.9-win32-x86_64\bin\jli.dll
0x00007ffd45f70000 - 0x00007ffd46122000 	C:\WINDOWS\System32\USER32.dll
0x00007ffd45410000 - 0x00007ffd45436000 	C:\WINDOWS\System32\win32u.dll
0x00007ffd47a20000 - 0x00007ffd47a49000 	C:\WINDOWS\System32\GDI32.dll
0x00007ffd45580000 - 0x00007ffd4569b000 	C:\WINDOWS\System32\gdi32full.dll
0x00007ffd45db0000 - 0x00007ffd45e4a000 	C:\WINDOWS\System32\msvcp_win.dll
0x00007ffd2d600000 - 0x00007ffd2d61e000 	c:\Users\mothaiba\.antigravity\extensions\redhat.java-1.52.0-win32-x64\jre\21.0.9-win32-x86_64\bin\VCRUNTIME140.dll
0x00007ffd28230000 - 0x00007ffd284cc000 	C:\WINDOWS\WinSxS\amd64_microsoft.windows.common-controls_6595b64144ccf1df_6.0.22621.6060_none_2712eda17382d24b\COMCTL32.dll
0x00007ffd46250000 - 0x00007ffd462f7000 	C:\WINDOWS\System32\msvcrt.dll
0x00007ffd46fe0000 - 0x00007ffd47011000 	C:\WINDOWS\System32\IMM32.DLL
0x00007ffd3abd0000 - 0x00007ffd3abdc000 	c:\Users\mothaiba\.antigravity\extensions\redhat.java-1.52.0-win32-x64\jre\21.0.9-win32-x86_64\bin\vcruntime140_1.dll
0x00007ffcd8b50000 - 0x00007ffcd8bdd000 	c:\Users\mothaiba\.antigravity\extensions\redhat.java-1.52.0-win32-x64\jre\21.0.9-win32-x86_64\bin\msvcp140.dll
0x00007ffca53c0000 - 0x00007ffca6160000 	c:\Users\mothaiba\.antigravity\extensions\redhat.java-1.52.0-win32-x64\jre\21.0.9-win32-x86_64\bin\server\jvm.dll
0x00007ffd47dd0000 - 0x00007ffd47e81000 	C:\WINDOWS\System32\ADVAPI32.dll
0x00007ffd47cb0000 - 0x00007ffd47d58000 	C:\WINDOWS\System32\sechost.dll
0x00007ffd453e0000 - 0x00007ffd45408000 	C:\WINDOWS\System32\bcrypt.dll
0x00007ffd46130000 - 0x00007ffd46248000 	C:\WINDOWS\System32\RPCRT4.dll
0x00007ffd48210000 - 0x00007ffd48281000 	C:\WINDOWS\System32\WS2_32.dll
0x00007ffd452b0000 - 0x00007ffd452fd000 	C:\WINDOWS\SYSTEM32\POWRPROF.dll
0x00007ffd3a9e0000 - 0x00007ffd3aa14000 	C:\WINDOWS\SYSTEM32\WINMM.dll
0x00007ffd39f90000 - 0x00007ffd39f9a000 	C:\WINDOWS\SYSTEM32\VERSION.dll
0x00007ffd45290000 - 0x00007ffd452a3000 	C:\WINDOWS\SYSTEM32\UMPDC.dll
0x00007ffd443c0000 - 0x00007ffd443d8000 	C:\WINDOWS\SYSTEM32\kernel.appcore.dll
0x00007ffd39fc0000 - 0x00007ffd39fca000 	c:\Users\mothaiba\.antigravity\extensions\redhat.java-1.52.0-win32-x64\jre\21.0.9-win32-x86_64\bin\jimage.dll
0x00007ffd42720000 - 0x00007ffd42953000 	C:\WINDOWS\SYSTEM32\DBGHELP.DLL
0x00007ffd466e0000 - 0x00007ffd46a71000 	C:\WINDOWS\System32\combase.dll
0x00007ffd46570000 - 0x00007ffd46648000 	C:\WINDOWS\System32\OLEAUT32.dll
0x00007ffcf5740000 - 0x00007ffcf5772000 	C:\WINDOWS\SYSTEM32\dbgcore.DLL
0x00007ffd45bf0000 - 0x00007ffd45c6b000 	C:\WINDOWS\System32\bcryptPrimitives.dll
0x00007ffd2d8b0000 - 0x00007ffd2d8bf000 	c:\Users\mothaiba\.antigravity\extensions\redhat.java-1.52.0-win32-x64\jre\21.0.9-win32-x86_64\bin\instrument.dll
0x00007ffd2d5c0000 - 0x00007ffd2d5e0000 	c:\Users\mothaiba\.antigravity\extensions\redhat.java-1.52.0-win32-x64\jre\21.0.9-win32-x86_64\bin\java.dll
0x00007ffd47180000 - 0x00007ffd47a1c000 	C:\WINDOWS\System32\SHELL32.dll
0x00007ffd45c70000 - 0x00007ffd45daf000 	C:\WINDOWS\System32\wintypes.dll
0x00007ffd432e0000 - 0x00007ffd43bfa000 	C:\WINDOWS\SYSTEM32\windows.storage.dll
0x00007ffd47020000 - 0x00007ffd47124000 	C:\WINDOWS\System32\SHCORE.dll
0x00007ffd47c10000 - 0x00007ffd47c79000 	C:\WINDOWS\System32\shlwapi.dll
0x00007ffd45310000 - 0x00007ffd45335000 	C:\WINDOWS\SYSTEM32\profapi.dll
0x00007ffce8810000 - 0x00007ffce8828000 	c:\Users\mothaiba\.antigravity\extensions\redhat.java-1.52.0-win32-x64\jre\21.0.9-win32-x86_64\bin\zip.dll
0x00007ffd2d5b0000 - 0x00007ffd2d5c0000 	C:\Users\mothaiba\.antigravity\extensions\redhat.java-1.52.0-win32-x64\jre\21.0.9-win32-x86_64\bin\net.dll
0x00007ffd3b590000 - 0x00007ffd3b6bc000 	C:\WINDOWS\SYSTEM32\WINHTTP.dll
0x00007ffd448a0000 - 0x00007ffd44909000 	C:\WINDOWS\system32\mswsock.dll
0x00007ffce78f0000 - 0x00007ffce7906000 	C:\Users\mothaiba\.antigravity\extensions\redhat.java-1.52.0-win32-x64\jre\21.0.9-win32-x86_64\bin\nio.dll
0x00007ffd2d410000 - 0x00007ffd2d420000 	c:\Users\mothaiba\.antigravity\extensions\redhat.java-1.52.0-win32-x64\jre\21.0.9-win32-x86_64\bin\verify.dll
0x00007ffcd7d70000 - 0x00007ffcd7db5000 	C:\Users\mothaiba\AppData\Roaming\Antigravity\User\globalStorage\redhat.java\1.52.0\config_win\org.eclipse.equinox.launcher\org.eclipse.equinox.launcher.win32.win32.x86_64_1.2.1500.v20260121-1430\eclipse_11919.dll
0x00007ffd47a60000 - 0x00007ffd47c01000 	C:\WINDOWS\System32\ole32.dll
0x00007ffd44af0000 - 0x00007ffd44b0b000 	C:\WINDOWS\SYSTEM32\CRYPTSP.dll
0x00007ffd44320000 - 0x00007ffd44357000 	C:\WINDOWS\system32\rsaenh.dll
0x00007ffd44990000 - 0x00007ffd449b8000 	C:\WINDOWS\SYSTEM32\USERENV.dll
0x00007ffd44b10000 - 0x00007ffd44b1c000 	C:\WINDOWS\SYSTEM32\CRYPTBASE.dll
0x00007ffd43ea0000 - 0x00007ffd43ecd000 	C:\WINDOWS\SYSTEM32\IPHLPAPI.DLL
0x00007ffd47a50000 - 0x00007ffd47a59000 	C:\WINDOWS\System32\NSI.dll
0x00007ffcd5c60000 - 0x00007ffcd5ca9000 	C:\Users\mothaiba\AppData\Local\Temp\jna--158519555\jna11250608797382544097.dll
0x00007ffd46a80000 - 0x00007ffd46a88000 	C:\WINDOWS\System32\PSAPI.DLL
0x00007ffd3b010000 - 0x00007ffd3b029000 	C:\WINDOWS\SYSTEM32\dhcpcsvc6.DLL
0x00007ffd3ae20000 - 0x00007ffd3ae3f000 	C:\WINDOWS\SYSTEM32\dhcpcsvc.DLL
0x00007ffd444d0000 - 0x00007ffd44504000 	C:\WINDOWS\SYSTEM32\ntmarta.dll

JVMTI agents:
c:\Users\mothaiba\.antigravity\extensions\redhat.java-1.52.0-win32-x64\lombok\lombok-1.18.39-4050.jar path:c:\Users\mothaiba\.antigravity\extensions\redhat.java-1.52.0-win32-x64\jre\21.0.9-win32-x86_64\bin\instrument.dll, loaded, initialized, instrumentlib options:none

dbghelp: loaded successfully - version: 4.0.5 - missing functions: none
symbol engine: initialized successfully - sym options: 0x614 - pdb path: .;c:\Users\mothaiba\.antigravity\extensions\redhat.java-1.52.0-win32-x64\jre\21.0.9-win32-x86_64\bin;C:\WINDOWS\SYSTEM32;C:\WINDOWS\WinSxS\amd64_microsoft.windows.common-controls_6595b64144ccf1df_6.0.22621.6060_none_2712eda17382d24b;c:\Users\mothaiba\.antigravity\extensions\redhat.java-1.52.0-win32-x64\jre\21.0.9-win32-x86_64\bin\server;C:\Users\mothaiba\AppData\Roaming\Antigravity\User\globalStorage\redhat.java\1.52.0\config_win\org.eclipse.equinox.launcher\org.eclipse.equinox.launcher.win32.win32.x86_64_1.2.1500.v20260121-1430;C:\Users\mothaiba\AppData\Local\Temp\jna--158519555

VM Arguments:
jvm_args: --add-modules=ALL-SYSTEM --add-opens=java.base/java.util=ALL-UNNAMED --add-opens=java.base/java.lang=ALL-UNNAMED --add-opens=java.base/sun.nio.fs=ALL-UNNAMED -Declipse.application=org.eclipse.jdt.ls.core.id1 -Dosgi.bundles.defaultStartLevel=4 -Declipse.product=org.eclipse.jdt.ls.core.product -Djava.import.generatesMetadataFilesAtProjectRoot=false -DDetectVMInstallationsJob.disabled=true -Dfile.encoding=utf8 -XX:+UseParallelGC -XX:GCTimeRatio=4 -XX:AdaptiveSizePolicyWeight=90 -Dsun.zip.disableMemoryMapping=true -Xmx2G -Xms100m -Xlog:disable -javaagent:c:\Users\mothaiba\.antigravity\extensions\redhat.java-1.52.0-win32-x64\lombok\lombok-1.18.39-4050.jar -XX:+HeapDumpOnOutOfMemoryError -XX:HeapDumpPath=c:\Users\mothaiba\AppData\Roaming\Antigravity\User\workspaceStorage\eaf98c03dae78c06d4564786dac87df9\redhat.java -Daether.dependencyCollector.impl=bf 
java_command: c:\Users\mothaiba\.antigravity\extensions\redhat.java-1.52.0-win32-x64\server\plugins\org.eclipse.equinox.launcher_1.7.100.v20251111-0406.jar -configuration c:\Users\mothaiba\AppData\Roaming\Antigravity\User\globalStorage\redhat.java\1.52.0\config_win -data c:\Users\mothaiba\AppData\Roaming\Antigravity\User\workspaceStorage\eaf98c03dae78c06d4564786dac87df9\redhat.java\jdt_ws --pipe=\\.\pipe\lsp-5200125725639e961ac618c108c4f750-sock
java_class_path (initial): c:\Users\mothaiba\.antigravity\extensions\redhat.java-1.52.0-win32-x64\server\plugins\org.eclipse.equinox.launcher_1.7.100.v20251111-0406.jar
Launcher Type: SUN_STANDARD

[Global flags]
    uintx AdaptiveSizePolicyWeight                 = 90                                        {product} {command line}
     intx CICompilerCount                          = 4                                         {product} {ergonomic}
    uintx GCTimeRatio                              = 4                                         {product} {command line}
     bool HeapDumpOnOutOfMemoryError               = true                                   {manageable} {command line}
    ccstr HeapDumpPath                             = c:\Users\mothaiba\AppData\Roaming\Antigravity\User\workspaceStorage\eaf98c03dae78c06d4564786dac87df9\redhat.java         {manageable} {command line}
   size_t InitialHeapSize                          = 104857600                                 {product} {command line}
   size_t MaxHeapSize                              = 2147483648                                {product} {command line}
   size_t MaxNewSize                               = 715653120                                 {product} {ergonomic}
   size_t MinHeapDeltaBytes                        = 524288                                    {product} {ergonomic}
   size_t MinHeapSize                              = 104857600                                 {product} {command line}
   size_t NewSize                                  = 34603008                                  {product} {ergonomic}
    uintx NonNMethodCodeHeapSize                   = 5839372                                {pd product} {ergonomic}
    uintx NonProfiledCodeHeapSize                  = 122909434                              {pd product} {ergonomic}
   size_t OldSize                                  = 70254592                                  {product} {ergonomic}
    uintx ProfiledCodeHeapSize                     = 122909434                              {pd product} {ergonomic}
    uintx ReservedCodeCacheSize                    = 251658240                              {pd product} {ergonomic}
     bool SegmentedCodeCache                       = true                                      {product} {ergonomic}
   size_t SoftMaxHeapSize                          = 2147483648                             {manageable} {ergonomic}
     bool UseCompressedOops                        = true                           {product lp64_product} {ergonomic}
     bool UseLargePagesIndividualAllocation        = false                                  {pd product} {ergonomic}
     bool UseParallelGC                            = true                                      {product} {command line}

Logging:
Log output configuration:
 #0: stdout all=off uptime,level,tags foldmultilines=false
 #1: stderr all=off uptime,level,tags foldmultilines=false

Release file:
JAVA_VERSION="21.0.9" 
MODULES="java.base java.compiler java.datatransfer java.xml java.prefs java.desktop java.instrument java.logging java.management java.security.sasl java.naming java.rmi java.management.rmi java.net.http java.scripting java.security.jgss java.transaction.xa java.sql java.sql.rowset java.xml.crypto java.se java.smartcardio jdk.accessibility jdk.internal.jvmstat jdk.attach jdk.charsets jdk.internal.opt jdk.zipfs jdk.compiler jdk.crypto.ec jdk.crypto.cryptoki jdk.crypto.mscapi jdk.dynalink jdk.internal.ed jdk.editpad jdk.hotspot.agent jdk.httpserver jdk.internal.le jdk.internal.vm.ci jdk.internal.vm.compiler jdk.internal.vm.compiler.management jdk.jartool jdk.javadoc jdk.jcmd jdk.management jdk.management.agent jdk.jconsole jdk.jdeps jdk.jdwp.agent jdk.jdi jdk.jfr jdk.jshell jdk.jsobject jdk.jstatd jdk.localedata jdk.management.jfr jdk.naming.dns jdk.naming.rmi jdk.net jdk.nio.mapmode jdk.random jdk.sctp jdk.security.auth jdk.security.jgss jdk.unsupported jdk.unsupported.desktop jdk.xml.dom" 

Environment Variables:
PATH=C:\Program Files (x86)\VMware\VMware Workstation\bin\;C:\WINDOWS\system32;C:\WINDOWS;C:\WINDOWS\System32\Wbem;C:\WINDOWS\System32\WindowsPowerShell\v1.0\;C:\WINDOWS\System32\OpenSSH\;C:\Program Files\Microsoft SQL Server\Client SDK\ODBC\170\Tools\Binn\;C:\Program Files (x86)\Microsoft SQL Server\150\Tools\Binn\;C:\Program Files\Microsoft SQL Server\150\Tools\Binn\;C:\Program Files\Microsoft SQL Server\150\DTS\Binn\;C:\Program Files (x86)\Microsoft SQL Server\160\DTS\Binn\;C:\Program Files\dotnet\;D:\chuyn ngnh 3\lap211\Git\cmd;D:\jdk-21.0.9\bin;C:\Users\mothaiba\Downloads\apache-maven-3.9.12-bin\apache-maven-3.9.12\bin;C:\Program Files\nodejs\;C:\Users\mothaiba\AppData\Local\Microsoft\WindowsApps;D:\chuyn ngnh 3\lap211\Antigravity\bin;C:\Users\mothaiba\AppData\Local\Programs\Microsoft VS Code\bin;C:\Users\mothaiba\AppData\Roaming\npm
USERNAME=mothaiba
OS=Windows_NT
PROCESSOR_IDENTIFIER=Intel64 Family 6 Model 140 Stepping 1, GenuineIntel
TMP=C:\Users\mothaiba\AppData\Local\Temp
TEMP=C:\Users\mothaiba\AppData\Local\Temp




Periodic native trim disabled

---------------  S Y S T E M  ---------------

OS:
 Windows 11 , 64 bit Build 22621 (10.0.22621.5415)
OS uptime: 2 days 11:35 hours

CPU: total 8 (initial active 8) (4 cores per cpu, 2 threads per core) family 6 model 140 stepping 1 microcode 0xbc, cx8, cmov, fxsr, ht, mmx, 3dnowpref, sse, sse2, sse3, ssse3, sse4.1, sse4.2, popcnt, lzcnt, tsc, tscinvbit, avx, avx2, aes, erms, clmul, bmi1, bmi2, adx, avx512f, avx512dq, avx512cd, avx512bw, avx512vl, sha, fma, vzeroupper, avx512_vpopcntdq, avx512_vpclmulqdq, avx512_vaes, avx512_vnni, clflush, clflushopt, clwb, avx512_vbmi2, avx512_vbmi, rdtscp, rdpid, fsrm, gfni, avx512_bitalg, f16c, pku, cet_ibt, cet_ss, avx512_ifma
Processor Information for the first 8 processors :
  Max Mhz: 2419, Current Mhz: 2419, Mhz Limit: 2419

Memory: 4k page, system-wide physical 7914M (152M free)
TotalPageFile size 19628M (AvailPageFile size 5M)
current process WorkingSet (physical memory assigned to process): 96M, peak: 535M
current process commit charge ("private bytes"): 1216M, peak: 1217M

vm_info: OpenJDK 64-Bit Server VM (21.0.9+10-LTS) for windows-amd64 JRE (21.0.9+10-LTS), built on 2025-10-21T00:00:00Z by "admin" with unknown MS VC++:1942

END.
