[INFO] Scanning for projects...
[INFO] 
[INFO] ----------------------< com.shoppeclone:backend >-----------------------
[INFO] Building backend 0.0.1-SNAPSHOT
[INFO]   from pom.xml
[INFO] --------------------------------[ jar ]---------------------------------
[INFO] 
[INFO] --- clean:3.4.1:clean (default-clean) @ backend ---
[INFO] Deleting D:\chuyên ngành 3\lap211\Du_an_Web_Shoppe\src\Backend\target
[INFO] 
[INFO] --- resources:3.3.1:resources (default-resources) @ backend ---
[INFO] Copying 1 resource from src\main\resources to target\classes
[INFO] Copying 5 resources from src\main\resources to target\classes
[INFO] 
[INFO] --- compiler:3.11.0:compile (default-compile) @ backend ---
[INFO] Changes detected - recompiling the module! :source
[INFO] Compiling 174 source files with javac [debug release 21] to target\classes
[INFO] /D:/chuyên ngành 3/lap211/Du_an_Web_Shoppe/src/Backend/src/main/java/com/shoppeclone/backend/common/service/CloudinaryService.java: D:\chuyên ngành 3\lap211\Du_an_Web_Shoppe\src\Backend\src\main\java\com\shoppeclone\backend\common\service\CloudinaryService.java uses unchecked or unsafe operations.
[INFO] /D:/chuyên ngành 3/lap211/Du_an_Web_Shoppe/src/Backend/src/main/java/com/shoppeclone/backend/common/service/CloudinaryService.java: Recompile with -Xlint:unchecked for details.
[INFO] ------------------------------------------------------------------------
[INFO] BUILD SUCCESS
[INFO] ------------------------------------------------------------------------
[INFO] Total time:  18.937 s
[INFO] Finished at: 2026-01-31T22:41:25+07:00
[INFO] ------------------------------------------------------------------------
